
{"level":"info","message":"Youri Gruiters has joined the server at Fri Aug 07 2020 11:07:13 GMT+0200 (Central European Summer Time)"}
{"level":"info","message":"Youri Gruiters has left the server at Fri Aug 07 2020 11:07:14 GMT+0200 (Central European Summer Time)"}
{"level":"info","message":"Another user has joined the server at Fri Aug 07 2020 11:07:23 GMT+0200 (Central European Summer Time)"}
{"level":"info","message":"Another user has left the server at Fri Aug 07 2020 11:07:27 GMT+0200 (Central European Summer Time)"}
{"level":"info","message":"undefined has joined the server at Sat Aug 08 2020 19:04:25 GMT+0200 (Central European Summer Time)"}
{"level":"info","message":"undefined has joined the server at Sat Aug 08 2020 19:04:36 GMT+0200 (Central European Summer Time)"}
{"level":"info","message":"undefined has joined the server at Sat Aug 08 2020 19:06:01 GMT+0200 (Central European Summer Time)"}
{"level":"info","message":"undefined has left the server at Sat Aug 08 2020 19:06:01 GMT+0200 (Central European Summer Time)"}
{"level":"info","message":"undefined has joined the server at Sat Aug 08 2020 19:08:17 GMT+0200 (Central European Summer Time)"}
{"level":"info","message":"undefined has left the server at Sat Aug 08 2020 19:08:17 GMT+0200 (Central European Summer Time)"}
{"level":"info","message":"undefined has joined the server at Sat Aug 08 2020 19:09:57 GMT+0200 (Central European Summer Time)"}
{"level":"info","message":"undefined has left the server at Sat Aug 08 2020 19:09:57 GMT+0200 (Central European Summer Time)"}
{"level":"info","message":"undefined has joined the server at Sat Aug 08 2020 19:10:48 GMT+0200 (Central European Summer Time)"}
{"level":"info","message":"undefined has left the server at Sat Aug 08 2020 19:10:48 GMT+0200 (Central European Summer Time)"}
{"level":"info","message":"undefined has joined the server at Sat Aug 08 2020 19:11:02 GMT+0200 (Central European Summer Time)"}
{"level":"info","message":"undefined has left the server at Sat Aug 08 2020 19:11:02 GMT+0200 (Central European Summer Time)"}
{"level":"info","message":"undefined has joined the server at Sat Aug 08 2020 19:12:19 GMT+0200 (Central European Summer Time)"}
{"level":"info","message":"undefined has left the server at Sat Aug 08 2020 19:12:19 GMT+0200 (Central European Summer Time)"}
{"level":"info","message":"undefined has joined the server at Sat Aug 08 2020 19:12:27 GMT+0200 (Central European Summer Time)"}
{"level":"info","message":"undefined has left the server at Sat Aug 08 2020 19:12:28 GMT+0200 (Central European Summer Time)"}
{"level":"info","message":"undefined has joined the server at Sat Aug 08 2020 19:12:54 GMT+0200 (Central European Summer Time)"}
{"level":"info","message":"undefined has left the server at Sat Aug 08 2020 19:12:54 GMT+0200 (Central European Summer Time)"}
{"level":"info","message":"undefined has joined the server at Sat Aug 08 2020 19:13:07 GMT+0200 (Central European Summer Time)"}
{"level":"info","message":"undefined has left the server at Sat Aug 08 2020 19:13:07 GMT+0200 (Central European Summer Time)"}
{"level":"info","message":"undefined has joined the server at Sat Aug 08 2020 19:14:25 GMT+0200 (Central European Summer Time)"}
{"level":"info","message":"undefined has left the server at Sat Aug 08 2020 19:14:25 GMT+0200 (Central European Summer Time)"}
{"level":"info","message":"undefined has joined the server at Sat Aug 08 2020 19:14:41 GMT+0200 (Central European Summer Time)"}
{"level":"info","message":"undefined has left the server at Sat Aug 08 2020 19:14:41 GMT+0200 (Central European Summer Time)"}
{"level":"info","message":"undefined has joined the server at Sat Aug 08 2020 19:17:28 GMT+0200 (Central European Summer Time)"}
{"level":"info","message":"undefined has left the server at Sat Aug 08 2020 19:17:28 GMT+0200 (Central European Summer Time)"}
